<suite name="Suite1" verbose="1">

	<test name="Regression1">
		<classes>
			<class name="com.amazon.auto.tests.AmazonTests"></class>
		</classes>
	</test>

</suite>
