<suite name="Suite1" verbose="1">

	<test name="Regression1">
		
		<!-- 
		 -->
		<groups>
			<run>
				<exclude name="even" />
				<include name="odd" />
			</run>
		</groups>

		<classes>
			<class name="com.amazon.auto.tests.TestsByGroups"></class>
		</classes>
	</test>


</suite>
