<?xml version="1.0" encoding="UTF-8"?>
<!-- Generated by org.testng.reporters.JUnitReportReporter -->
<testsuite skipped="0" hostname="RONENBY-LAP-HZ" name="com.amazon.auto.tests.AmazonTests" tests="1" failures="0" timestamp="11 Oct 2018 11:28:03 GMT" time="15.551" errors="0">
  <testcase name="screenshotTest" time="15.551" classname="com.amazon.auto.tests.AmazonTests"/>
</testsuite> <!-- com.amazon.auto.tests.AmazonTests -->
