<?xml version="1.0" encoding="UTF-8"?>
<!-- Generated by org.testng.reporters.JUnitReportReporter -->
<testsuite skipped="0" hostname="RONENBY-LAP-HZ" name="com.amazon.auto.tests.ShoppingCartTests" tests="1" failures="0" timestamp="22 Sep 2018 13:12:27 GMT" time="35.993" errors="0">
  <testcase name="addItemToShoppingCart" time="35.993" classname="com.amazon.auto.tests.ShoppingCartTests"/>
</testsuite> <!-- com.amazon.auto.tests.ShoppingCartTests -->
