<?xml version="1.0" encoding="UTF-8"?>
<!-- Generated by org.testng.reporters.JUnitReportReporter -->
<testsuite skipped="0" hostname="RONENBY-LAP-HZ" name="com.amazon.auto.tests.AssertExampleTests" tests="1" failures="0" timestamp="04 Oct 2018 10:13:57 GMT" time="0.708" errors="0">
  <testcase name="assertExamples" time="0.708" classname="com.amazon.auto.tests.AssertExampleTests"/>
</testsuite> <!-- com.amazon.auto.tests.AssertExampleTests -->
