<?xml version="1.0" encoding="UTF-8"?>
<!-- Generated by org.testng.reporters.JUnitReportReporter -->
<testsuite skipped="0" hostname="RONENBY-LAP-HZ" name="com.amazon.auto.tests.TabsIframesExample" tests="1" failures="0" timestamp="04 Oct 2018 14:20:00 GMT" time="18.769" errors="0">
  <testcase name="tabsTest" time="18.769" classname="com.amazon.auto.tests.TabsIframesExample"/>
</testsuite> <!-- com.amazon.auto.tests.TabsIframesExample -->
